iMPACT Version: 14.6

iMPACT log file Started on Sat May 06 09:43:42 2017

Welcome to iMPACT
iMPACT Version: 14.6
Project: D:\TPVHDL\IA11\TP1\\auto_project.ipf created.
// *** BATCH CMD : setMode -bs
GUI --- Auto connect to cable...
// *** BATCH CMD : setCable -port auto
INFO:iMPACT - Digilent Plugin: Plugin Version: 2.4.4
INFO:iMPACT - Digilent Plugin: found 1 device(s).
INFO:iMPACT - Digilent Plugin: opening device: "Nexys3", SN:210182481958
INFO:iMPACT - Digilent Plugin: User Name: Nexys3
INFO:iMPACT - Digilent Plugin: Product Name: Nexys3
INFO:iMPACT - Digilent Plugin: Serial Number: 210182481958
INFO:iMPACT - Digilent Plugin: Product ID: 00D0010D
INFO:iMPACT - Digilent Plugin: Firmware Version: 0306
INFO:iMPACT - Digilent Plugin: JTAG Port Number: 0
INFO:iMPACT - Digilent Plugin: JTAG Clock Frequency: 1600000 Hz
Attempting to identify devices in the boundary-scan chain configuration...
INFO:iMPACT - Current time: 06/05/2017 09:43:49
// *** BATCH CMD : Identify -inferir 
PROGRESS_START - Starting Operation.
Identifying chain contents...'0': : Manufacturer's ID = Xilinx xc6slx16, Version : 4
INFO:iMPACT:1777 - 
   Reading C:/Xilinx/14.6/ISE_DS/ISE/spartan6/data/xc6slx16.bsd...
INFO:iMPACT:501 - '1': Added Device xc6slx16 successfully.
----------------------------------------------------------------------
done.
PROGRESS_END - End Operation.
Elapsed time =      0 sec.
// *** BATCH CMD : identifyMPM 
INFO:iMPACT - Current time: 06/05/2017 09:44:06
// *** BATCH CMD : ReadIdcode -p 1 
Maximum TCK operating frequency for this device chain: 0.
Validating chain...
Boundary-scan chain validated successfully.
'1': IDCODE is '01000100000000000010000010010011'
'1': IDCODE is '44002093' (in hex).
'1': : Manufacturer's ID = Xilinx xc6slx16, Version : 4
// *** BATCH CMD : cutDevice -p 1
